<?xml version="1.0" encoding="UTF-8"?>
<robot generator="Robot 7.2 (Python 3.12.8 on win32)" generated="2025-02-12T10:22:42.915787" rpa="false" schemaversion="5">
<suite id="s1" name="Suites">
<suite id="s1-s1" name="HRLITE HOME EDGE" source="C:\project\HRLITE\Test_cases\Home_edge.robot">
<test id="s1-s1-t1" name="T57324" line="22">
<kw name="Launch Browser Edge" owner="General_Controller" type="SETUP">
<kw name="Open Browser" owner="SeleniumLibrary">
<msg time="2025-02-12T10:22:44.395748" level="INFO">Opening browser 'edge' to base url 'https://hrlite-dost5.asti.dost.gov.ph/index.php?r=site/login'.</msg>
<msg time="2025-02-12T10:22:48.595389" level="INFO">Cannot capture screenshot because no browser is open.</msg>
<msg time="2025-02-12T10:22:48.595389" level="FAIL">NoSuchDriverException: Message: Unable to obtain driver for MicrosoftEdge; For documentation on this error, please visit: https://www.selenium.dev/documentation/webdriver/troubleshooting/errors/driver_location
</msg>
<arg>${url}</arg>
<arg>${browser3}</arg>
<doc>Opens a new browser instance to the optional ``url``.</doc>
<status status="FAIL" start="2025-02-12T10:22:44.395748" elapsed="4.282394">NoSuchDriverException: Message: Unable to obtain driver for MicrosoftEdge; For documentation on this error, please visit: https://www.selenium.dev/documentation/webdriver/troubleshooting/errors/driver_location
</status>
</kw>
<kw name="Maximize Browser Window" owner="SeleniumLibrary">
<doc>Maximizes current browser window.</doc>
<status status="NOT RUN" start="2025-02-12T10:22:48.686779" elapsed="0.000000"/>
</kw>
<kw name="Set Browser Implicit Wait" owner="SeleniumLibrary">
<arg>5s</arg>
<doc>Sets the implicit wait value used by Selenium.</doc>
<status status="NOT RUN" start="2025-02-12T10:22:48.686779" elapsed="0.000000"/>
</kw>
<status status="FAIL" start="2025-02-12T10:22:44.395748" elapsed="4.291031">NoSuchDriverException: Message: Unable to obtain driver for MicrosoftEdge; For documentation on this error, please visit: https://www.selenium.dev/documentation/webdriver/troubleshooting/errors/driver_location
</status>
</kw>
<kw name="Close All Browsers" owner="SeleniumLibrary" type="TEARDOWN">
<doc>Closes all open browsers and resets the browser cache.</doc>
<status status="PASS" start="2025-02-12T10:22:48.686779" elapsed="0.000000"/>
</kw>
<doc>**Able to view the Featured Employee**</doc>
<status status="FAIL" start="2025-02-12T10:22:44.395748" elapsed="4.291031">Setup failed:
NoSuchDriverException: Message: Unable to obtain driver for MicrosoftEdge; For documentation on this error, please visit: https://www.selenium.dev/documentation/webdriver/troubleshooting/errors/driver_location
</status>
</test>
<test id="s1-s1-t2" name="T57325" line="28">
<kw name="Launch Browser Edge" owner="General_Controller" type="SETUP">
<kw name="Open Browser" owner="SeleniumLibrary">
<arg>${url}</arg>
<arg>${browser3}</arg>
<doc>Opens a new browser instance to the optional ``url``.</doc>
<status status="FAIL" start="2025-02-12T10:22:48.695903" elapsed="0.011406">Execution terminated by signal</status>
</kw>
<kw name="Maximize Browser Window" owner="SeleniumLibrary">
<doc>Maximizes current browser window.</doc>
<status status="NOT RUN" start="2025-02-12T10:22:48.707309" elapsed="0.000000"/>
</kw>
<kw name="Set Browser Implicit Wait" owner="SeleniumLibrary">
<arg>5s</arg>
<doc>Sets the implicit wait value used by Selenium.</doc>
<status status="NOT RUN" start="2025-02-12T10:22:48.707309" elapsed="0.000000"/>
</kw>
<status status="FAIL" start="2025-02-12T10:22:48.695903" elapsed="0.011406">Execution terminated by signal</status>
</kw>
<kw name="Close All Browsers" owner="SeleniumLibrary" type="TEARDOWN">
<doc>Closes all open browsers and resets the browser cache.</doc>
<status status="PASS" start="2025-02-12T10:22:48.707309" elapsed="0.000000"/>
</kw>
<doc>**Able to view the Announcement and Events**</doc>
<status status="FAIL" start="2025-02-12T10:22:48.695903" elapsed="0.011406">Setup failed:
Execution terminated by signal</status>
</test>
<test id="s1-s1-t3" name="T57326" line="34">
<doc>**Able to hide Announcement and Events using the drop-down button**</doc>
<tag>robot:exit</tag>
<tag>Unfinish</tag>
<status status="FAIL" start="2025-02-12T10:22:48.744455" elapsed="0.003001">Test execution stopped due to a fatal error.</status>
</test>
<test id="s1-s1-t4" name="T57327" line="46">
<doc>**Able to click the navigation bar button**</doc>
<tag>robot:exit</tag>
<status status="FAIL" start="2025-02-12T10:22:48.747456" elapsed="0.001010">Test execution stopped due to a fatal error.</status>
</test>
<test id="s1-s1-t5" name="T57336" line="55">
<doc>**Able to hide 'My Leave Credits' using the drop-down button**</doc>
<tag>robot:exit</tag>
<status status="FAIL" start="2025-02-12T10:22:48.748466" elapsed="0.000000">Test execution stopped due to a fatal error.</status>
</test>
<test id="s1-s1-t6" name="T57337" line="66">
<doc>**Able to view the 'My Leave Credits' dashboard**</doc>
<tag>robot:exit</tag>
<status status="FAIL" start="2025-02-12T10:22:48.750501" elapsed="0.000000">Test execution stopped due to a fatal error.</status>
</test>
<test id="s1-s1-t7" name="T57353" line="74">
<doc>**Able to view 'My Pending Applications' tab**</doc>
<tag>robot:exit</tag>
<status status="FAIL" start="2025-02-12T10:22:48.750501" elapsed="0.002010">Test execution stopped due to a fatal error.</status>
</test>
<test id="s1-s1-t8" name="T57354" line="81">
<doc>**Able to hide 'My Pending Application' dashboard**</doc>
<tag>robot:exit</tag>
<status status="FAIL" start="2025-02-12T10:22:48.752511" elapsed="0.000000">Test execution stopped due to a fatal error.</status>
</test>
<status status="FAIL" start="2025-02-12T10:22:43.158429" elapsed="5.596093"/>
</suite>
<status status="FAIL" start="2025-02-12T10:22:43.132372" elapsed="5.696050"/>
</suite>
<statistics>
<total>
<stat pass="0" fail="8" skip="0">All Tests</stat>
</total>
<tag>
<stat info="combined" combined="NOT robot:exit" pass="0" fail="2" skip="0">NOT robot:exit</stat>
<stat pass="0" fail="1" skip="0">Unfinish</stat>
</tag>
<suite>
<stat name="Suites" id="s1" pass="0" fail="8" skip="0">Suites</stat>
<stat name="HRLITE HOME EDGE" id="s1-s1" pass="0" fail="8" skip="0">Suites.HRLITE HOME EDGE</stat>
</suite>
</statistics>
<errors>
</errors>
</robot>
