<?xml version="1.0" encoding="UTF-8"?>
<robot generator="Robot 7.2 (Python 3.12.8 on win32)" generated="2025-02-12T10:22:42.817599" rpa="false" schemaversion="5">
<suite id="s1" name="Suites">
<suite id="s1-s1" name="HRLITE LOGIN CHROME" source="C:\project\HRLITE\Test_cases\Login_chrome.robot">
<test id="s1-s1-t1" name="T57294" line="23">
<kw name="Launch Browser Chrome" owner="General_Controller" type="SETUP">
<kw name="Open Browser" owner="SeleniumLibrary">
<msg time="2025-02-12T10:22:44.395748" level="INFO">Opening browser 'chrome' to base url 'https://hrlite-dost5.asti.dost.gov.ph/index.php?r=site/login'.</msg>
<msg time="2025-02-12T10:22:49.959240" level="INFO">Cannot capture screenshot because no browser is open.</msg>
<msg time="2025-02-12T10:22:49.960691" level="FAIL">NoSuchDriverException: Message: Unable to obtain driver for chrome; For documentation on this error, please visit: https://www.selenium.dev/documentation/webdriver/troubleshooting/errors/driver_location
</msg>
<arg>${url}</arg>
<arg>${browser1}</arg>
<doc>Opens a new browser instance to the optional ``url``.</doc>
<status status="FAIL" start="2025-02-12T10:22:44.395748" elapsed="5.599393">NoSuchDriverException: Message: Unable to obtain driver for chrome; For documentation on this error, please visit: https://www.selenium.dev/documentation/webdriver/troubleshooting/errors/driver_location
</status>
</kw>
<kw name="Maximize Browser Window" owner="SeleniumLibrary">
<doc>Maximizes current browser window.</doc>
<status status="NOT RUN" start="2025-02-12T10:22:49.995141" elapsed="0.000000"/>
</kw>
<kw name="Set Browser Implicit Wait" owner="SeleniumLibrary">
<arg>5s</arg>
<doc>Sets the implicit wait value used by Selenium.</doc>
<status status="NOT RUN" start="2025-02-12T10:22:49.995141" elapsed="0.000000"/>
</kw>
<status status="FAIL" start="2025-02-12T10:22:44.395748" elapsed="5.599393">NoSuchDriverException: Message: Unable to obtain driver for chrome; For documentation on this error, please visit: https://www.selenium.dev/documentation/webdriver/troubleshooting/errors/driver_location
</status>
</kw>
<kw name="Close All Browsers" owner="SeleniumLibrary" type="TEARDOWN">
<doc>Closes all open browsers and resets the browser cache.</doc>
<status status="PASS" start="2025-02-12T10:22:49.995141" elapsed="0.000000"/>
</kw>
<doc>**Verify that user with valid credentials can login to the website**</doc>
<status status="FAIL" start="2025-02-12T10:22:44.395748" elapsed="5.599393">Setup failed:
NoSuchDriverException: Message: Unable to obtain driver for chrome; For documentation on this error, please visit: https://www.selenium.dev/documentation/webdriver/troubleshooting/errors/driver_location
</status>
</test>
<test id="s1-s1-t2" name="s" line="34">
<status status="FAIL" start="2025-02-12T10:22:50.013695" elapsed="0.000000">Test cannot be empty.</status>
</test>
<status status="FAIL" start="2025-02-12T10:22:43.158429" elapsed="6.855266"/>
</suite>
<status status="FAIL" start="2025-02-12T10:22:43.132372" elapsed="6.911616"/>
</suite>
<statistics>
<total>
<stat pass="0" fail="2" skip="0">All Tests</stat>
</total>
<tag>
</tag>
<suite>
<stat name="Suites" id="s1" pass="0" fail="2" skip="0">Suites</stat>
<stat name="HRLITE LOGIN CHROME" id="s1-s1" pass="0" fail="2" skip="0">Suites.HRLITE LOGIN CHROME</stat>
</suite>
</statistics>
<errors>
</errors>
</robot>
